<?xml version="1.0" encoding="UTF-8"?>
<!-- Generated by org.testng.reporters.JUnitReportReporter -->
<testsuite hostname="BINTERNS-QA44L" failures="0" tests="3" name="com.easeMyTrip.test.GiftCardTest" time="9.857" errors="0" timestamp="2023-05-12T13:21:53 IST" skipped="0">
  <testcase classname="com.easeMyTrip.test.GiftCardTest" name="pageTitleTest" time="4.353"/>
  <system-out/>
  <testcase classname="com.easeMyTrip.test.GiftCardTest" name="GiftCardslinkFunc_Test" time="4.807"/>
  <system-out/>
  <testcase classname="com.easeMyTrip.test.GiftCardTest" name="GiftSent_Test" time="0.697"/>
  <system-out/>
</testsuite> <!-- com.easeMyTrip.test.GiftCardTest -->
