<?xml version="1.0" encoding="UTF-8"?>
<!-- Generated by org.testng.reporters.JUnitReportReporter -->
<testsuite hostname="BINTERNS-QA44L" failures="0" tests="6" name="com.easeMyTrip.test.TrainBookingTest" time="25.046" errors="0" timestamp="2023-05-11T14:51:15 IST" skipped="0">
  <testcase classname="com.easeMyTrip.test.TrainBookingTest" name="SearchBtn_func_Test" time="2.095"/>
  <system-out/>
  <testcase classname="com.easeMyTrip.test.TrainBookingTest" name="SearchResult_Test" time="6.349"/>
  <system-out/>
  <testcase classname="com.easeMyTrip.test.TrainBookingTest" name="ModifyBtn_Test" time="7.278"/>
  <system-out/>
  <testcase classname="com.easeMyTrip.test.TrainBookingTest" name="cntnueBtn_Test" time="3.648"/>
  <system-out/>
  <testcase classname="com.easeMyTrip.test.TrainBookingTest" name="BookBTn_Test" time="4.226"/>
  <system-out/>
  <testcase classname="com.easeMyTrip.test.TrainBookingTest" name="pageTitle_Test" time="1.450"/>
  <system-out/>
</testsuite> <!-- com.easeMyTrip.test.TrainBookingTest -->
